2026-04-23 01:02:42,956 [INFO] omsk_bus_bot.bot: Бот запускается...
2026-04-23 01:02:43,340 [INFO] omsk_bus_bot.bot: Меню команд установлено
2026-04-23 01:02:43,343 [INFO] omsk_bus_bot.bot: Фоновый планировщик уведомлений запущен
2026-04-23 01:02:43,347 [INFO] aiogram.dispatcher: Start polling
2026-04-23 01:02:43,347 [INFO] omsk_bus_bot.scheduler: Планировщик уведомлений запущен (интервал 60 сек)
2026-04-23 01:02:43,466 [INFO] aiogram.dispatcher: Run polling for bot @OCRSGS_bot id=1465159769 - 'Omsk-Bus-Bot'
2026-04-23 01:03:54,174 [WARNING] aiogram.dispatcher: Received SIGTERM signal
2026-04-23 01:03:54,175 [INFO] aiogram.dispatcher: Polling stopped for bot @OCRSGS_bot id=1465159769 - 'Omsk-Bus-Bot'
2026-04-23 01:03:54,175 [INFO] aiogram.dispatcher: Polling stopped
2026-04-23 01:03:54,175 [INFO] omsk_bus_bot.scheduler: Планировщик уведомлений остановлен
2026-04-23 01:03:54,175 [INFO] omsk_bus_bot.bot: Фоновый планировщик уведомлений остановлен
2026-04-23 01:04:01,487 [INFO] omsk_bus_bot.bot: Бот запускается...
2026-04-23 01:04:01,878 [INFO] omsk_bus_bot.bot: Меню команд установлено
2026-04-23 01:04:01,879 [INFO] omsk_bus_bot.bot: Фоновый планировщик уведомлений запущен
2026-04-23 01:04:01,879 [INFO] aiogram.dispatcher: Start polling
2026-04-23 01:04:01,879 [INFO] omsk_bus_bot.scheduler: Планировщик уведомлений запущен (интервал 60 сек)
2026-04-23 01:04:01,997 [INFO] aiogram.dispatcher: Run polling for bot @OCRSGS_bot id=1465159769 - 'Omsk-Bus-Bot'
2026-04-23 01:04:35,126 [INFO] aiogram.event: Update id=232388356 is handled. Duration 393 ms by bot id=1465159769
2026-04-23 01:05:31,522 [WARNING] aiogram.dispatcher: Received SIGTERM signal
2026-04-23 01:05:31,531 [INFO] aiogram.dispatcher: Polling stopped for bot @OCRSGS_bot id=1465159769 - 'Omsk-Bus-Bot'
2026-04-23 01:05:31,532 [INFO] aiogram.dispatcher: Polling stopped
2026-04-23 01:05:31,532 [INFO] omsk_bus_bot.scheduler: Планировщик уведомлений остановлен
2026-04-23 01:05:31,532 [INFO] omsk_bus_bot.bot: Фоновый планировщик уведомлений остановлен
